This file contains any messages produced by compilers while
running configure, to aid debugging if configure makes a mistake.

It was created by dime configure 0.9.1, which was
generated by GNU Autoconf 2.65.  Invocation command line was

  $ ./configure --enable-static=yes --with-pic --enable-html --prefix=/home/orangepi/grbl/dimeDXF/bld

## --------- ##
## Platform. ##
## --------- ##

hostname = OrangePI
uname -m = armv7l
uname -r = 3.4.39-02-lobo
uname -s = Linux
uname -v = #1 SMP PREEMPT Tue Nov 10 10:37:50 CET 2015

/usr/bin/uname -p = unknown
/bin/uname -X     = unknown

/bin/arch              = unknown
/usr/bin/arch -k       = unknown
/usr/convex/getsysinfo = unknown
/usr/bin/hostinfo      = unknown
/bin/machine           = unknown
/usr/bin/oslevel       = unknown
/bin/universe          = unknown

PATH: /home/orangepi/bin
PATH: /usr/local/sbin
PATH: /usr/local/bin
PATH: /usr/sbin
PATH: /usr/bin
PATH: /sbin
PATH: /bin
PATH: /usr/games
PATH: /usr/local/games


## ----------- ##
## Core tests. ##
## ----------- ##

configure:2657: checking build system type
configure:2671: result: armv7l-unknown-linux-gnueabi
configure:2691: checking host system type
configure:2704: result: armv7l-unknown-linux-gnueabi
configure:2724: checking target system type
configure:2737: result: armv7l-unknown-linux-gnueabi
configure:2846: checking setup for wrapmsvc.exe
configure:2937: result: not a cygwin host
configure:3087: checking for gcc
configure:3103: found /usr/bin/gcc
configure:3114: result: gcc
configure:3343: checking for C compiler version
configure:3352: gcc --version >&5
gcc (Ubuntu/Linaro 4.9.2-10ubuntu13) 4.9.2
Copyright (C) 2014 Free Software Foundation, Inc.
This is free software; see the source for copying conditions.  There is NO
warranty; not even for MERCHANTABILITY or FITNESS FOR A PARTICULAR PURPOSE.

configure:3363: $? = 0
configure:3352: gcc -v >&5
Using built-in specs.
COLLECT_GCC=gcc
COLLECT_LTO_WRAPPER=/usr/lib/gcc/arm-linux-gnueabihf/4.9/lto-wrapper
Target: arm-linux-gnueabihf
Configured with: ../src/configure -v --with-pkgversion='Ubuntu/Linaro 4.9.2-10ubuntu13' --with-bugurl=file:///usr/share/doc/gcc-4.9/README.Bugs --enable-languages=c,c++,java,go,d,fortran,objc,obj-c++ --prefix=/usr --program-suffix=-4.9 --enable-shared --enable-linker-build-id --libexecdir=/usr/lib --without-included-gettext --enable-threads=posix --with-gxx-include-dir=/usr/include/c++/4.9 --libdir=/usr/lib --enable-nls --with-sysroot=/ --enable-clocale=gnu --enable-libstdcxx-debug --enable-libstdcxx-time=yes --enable-gnu-unique-object --disable-libitm --disable-libquadmath --enable-plugin --with-system-zlib --disable-browser-plugin --enable-java-awt=gtk --enable-gtk-cairo --with-java-home=/usr/lib/jvm/java-1.5.0-gcj-4.9-armhf/jre --enable-java-home --with-jvm-root-dir=/usr/lib/jvm/java-1.5.0-gcj-4.9-armhf --with-jvm-jar-dir=/usr/lib/jvm-exports/java-1.5.0-gcj-4.9-armhf --with-arch-directory=arm --with-ecj-jar=/usr/share/java/eclipse-ecj.jar --enable-objc-gc --enable-multiarch --enable-multilib --disable-sjlj-exceptions --with-arch=armv7-a --with-fpu=vfpv3-d16 --with-float=hard --with-mode=thumb --disable-werror --enable-multilib --enable-checking=release --build=arm-linux-gnueabihf --host=arm-linux-gnueabihf --target=arm-linux-gnueabihf
Thread model: posix
gcc version 4.9.2 (Ubuntu/Linaro 4.9.2-10ubuntu13) 
configure:3363: $? = 0
configure:3352: gcc -V >&5
gcc: error: unrecognized command line option '-V'
gcc: fatal error: no input files
compilation terminated.
configure:3363: $? = 4
configure:3352: gcc -qversion >&5
gcc: error: unrecognized command line option '-qversion'
gcc: fatal error: no input files
compilation terminated.
configure:3363: $? = 4
configure:3383: checking whether the C compiler works
configure:3405: gcc    conftest.c  >&5
configure:3409: $? = 0
configure:3458: result: yes
configure:3461: checking for C compiler default output file name
configure:3463: result: a.out
configure:3469: checking for suffix of executables
configure:3476: gcc -o conftest    conftest.c  >&5
configure:3480: $? = 0
configure:3502: result: 
configure:3524: checking whether we are cross compiling
configure:3532: gcc -o conftest    conftest.c  >&5
configure:3536: $? = 0
configure:3543: ./conftest
configure:3547: $? = 0
configure:3562: result: no
configure:3567: checking for suffix of object files
configure:3589: gcc -c   conftest.c >&5
configure:3593: $? = 0
configure:3614: result: o
configure:3618: checking whether we are using the GNU C compiler
configure:3637: gcc -c   conftest.c >&5
configure:3637: $? = 0
configure:3646: result: yes
configure:3655: checking whether gcc accepts -g
configure:3675: gcc -c -g  conftest.c >&5
configure:3675: $? = 0
configure:3716: result: yes
configure:3733: checking for gcc option to accept ISO C89
configure:3797: gcc  -c -g -O2  conftest.c >&5
configure:3797: $? = 0
configure:3810: result: none needed
configure:3835: checking how to run the C preprocessor
configure:3866: gcc -E  conftest.c
configure:3866: $? = 0
configure:3880: gcc -E  conftest.c
conftest.c:9:28: fatal error: ac_nonexistent.h: No such file or directory
 #include <ac_nonexistent.h>
                            ^
compilation terminated.
configure:3880: $? = 1
configure: failed program was:
| /* confdefs.h */
| #define PACKAGE_NAME "dime"
| #define PACKAGE_TARNAME "dime"
| #define PACKAGE_VERSION "0.9.1"
| #define PACKAGE_STRING "dime 0.9.1"
| #define PACKAGE_BUGREPORT "dime-support@coin3d.org"
| #define PACKAGE_URL ""
| /* end confdefs.h.  */
| #include <ac_nonexistent.h>
configure:3905: result: gcc -E
configure:3925: gcc -E  conftest.c
configure:3925: $? = 0
configure:3939: gcc -E  conftest.c
conftest.c:9:28: fatal error: ac_nonexistent.h: No such file or directory
 #include <ac_nonexistent.h>
                            ^
compilation terminated.
configure:3939: $? = 1
configure: failed program was:
| /* confdefs.h */
| #define PACKAGE_NAME "dime"
| #define PACKAGE_TARNAME "dime"
| #define PACKAGE_VERSION "0.9.1"
| #define PACKAGE_STRING "dime 0.9.1"
| #define PACKAGE_BUGREPORT "dime-support@coin3d.org"
| #define PACKAGE_URL ""
| /* end confdefs.h.  */
| #include <ac_nonexistent.h>
configure:4025: checking for g++
configure:4041: found /usr/bin/g++
configure:4052: result: g++
configure:4079: checking for C++ compiler version
configure:4088: g++ --version >&5
g++ (Ubuntu/Linaro 4.9.2-10ubuntu13) 4.9.2
Copyright (C) 2014 Free Software Foundation, Inc.
This is free software; see the source for copying conditions.  There is NO
warranty; not even for MERCHANTABILITY or FITNESS FOR A PARTICULAR PURPOSE.

configure:4099: $? = 0
configure:4088: g++ -v >&5
Using built-in specs.
COLLECT_GCC=g++
COLLECT_LTO_WRAPPER=/usr/lib/gcc/arm-linux-gnueabihf/4.9/lto-wrapper
Target: arm-linux-gnueabihf
Configured with: ../src/configure -v --with-pkgversion='Ubuntu/Linaro 4.9.2-10ubuntu13' --with-bugurl=file:///usr/share/doc/gcc-4.9/README.Bugs --enable-languages=c,c++,java,go,d,fortran,objc,obj-c++ --prefix=/usr --program-suffix=-4.9 --enable-shared --enable-linker-build-id --libexecdir=/usr/lib --without-included-gettext --enable-threads=posix --with-gxx-include-dir=/usr/include/c++/4.9 --libdir=/usr/lib --enable-nls --with-sysroot=/ --enable-clocale=gnu --enable-libstdcxx-debug --enable-libstdcxx-time=yes --enable-gnu-unique-object --disable-libitm --disable-libquadmath --enable-plugin --with-system-zlib --disable-browser-plugin --enable-java-awt=gtk --enable-gtk-cairo --with-java-home=/usr/lib/jvm/java-1.5.0-gcj-4.9-armhf/jre --enable-java-home --with-jvm-root-dir=/usr/lib/jvm/java-1.5.0-gcj-4.9-armhf --with-jvm-jar-dir=/usr/lib/jvm-exports/java-1.5.0-gcj-4.9-armhf --with-arch-directory=arm --with-ecj-jar=/usr/share/java/eclipse-ecj.jar --enable-objc-gc --enable-multiarch --enable-multilib --disable-sjlj-exceptions --with-arch=armv7-a --with-fpu=vfpv3-d16 --with-float=hard --with-mode=thumb --disable-werror --enable-multilib --enable-checking=release --build=arm-linux-gnueabihf --host=arm-linux-gnueabihf --target=arm-linux-gnueabihf
Thread model: posix
gcc version 4.9.2 (Ubuntu/Linaro 4.9.2-10ubuntu13) 
configure:4099: $? = 0
configure:4088: g++ -V >&5
g++: error: unrecognized command line option '-V'
g++: fatal error: no input files
compilation terminated.
configure:4099: $? = 4
configure:4088: g++ -qversion >&5
g++: error: unrecognized command line option '-qversion'
g++: fatal error: no input files
compilation terminated.
configure:4099: $? = 4
configure:4103: checking whether we are using the GNU C++ compiler
configure:4122: g++ -c   conftest.cpp >&5
configure:4122: $? = 0
configure:4131: result: yes
configure:4140: checking whether g++ accepts -g
configure:4160: g++ -c -g  conftest.cpp >&5
configure:4160: $? = 0
configure:4201: result: yes
configure:4229: checking how to run the C++ preprocessor
configure:4256: g++ -E  conftest.cpp
configure:4256: $? = 0
configure:4270: g++ -E  conftest.cpp
conftest.cpp:9:28: fatal error: ac_nonexistent.h: No such file or directory
 #include <ac_nonexistent.h>
                            ^
compilation terminated.
configure:4270: $? = 1
configure: failed program was:
| /* confdefs.h */
| #define PACKAGE_NAME "dime"
| #define PACKAGE_TARNAME "dime"
| #define PACKAGE_VERSION "0.9.1"
| #define PACKAGE_STRING "dime 0.9.1"
| #define PACKAGE_BUGREPORT "dime-support@coin3d.org"
| #define PACKAGE_URL ""
| /* end confdefs.h.  */
| #include <ac_nonexistent.h>
configure:4295: result: g++ -E
configure:4315: g++ -E  conftest.cpp
configure:4315: $? = 0
configure:4329: g++ -E  conftest.cpp
conftest.cpp:9:28: fatal error: ac_nonexistent.h: No such file or directory
 #include <ac_nonexistent.h>
                            ^
compilation terminated.
configure:4329: $? = 1
configure: failed program was:
| /* confdefs.h */
| #define PACKAGE_NAME "dime"
| #define PACKAGE_TARNAME "dime"
| #define PACKAGE_VERSION "0.9.1"
| #define PACKAGE_STRING "dime 0.9.1"
| #define PACKAGE_BUGREPORT "dime-support@coin3d.org"
| #define PACKAGE_URL ""
| /* end confdefs.h.  */
| #include <ac_nonexistent.h>
configure:4420: checking for a BSD-compatible install
configure:4488: result: /usr/bin/install -c
configure:4499: checking whether build environment is sane
configure:4536: result: yes
configure:4590: checking for gawk
configure:4606: found /usr/bin/gawk
configure:4617: result: gawk
configure:4628: checking whether make sets $(MAKE)
configure:4650: result: yes
configure:4680: checking for style of include used by make
configure:4708: result: GNU
configure:4890: checking dependency style of gcc
configure:4980: result: gcc3
configure:4999: checking dependency style of g++
configure:5089: result: gcc3
configure:5137: checking whether to enable maintainer-specific portions of Makefiles
configure:5146: result: no
configure:5216: checking for a sed that does not truncate output
configure:5272: result: /bin/sed
configure:5275: checking for grep that handles long lines and -e
configure:5333: result: /bin/grep
configure:5338: checking for egrep
configure:5400: result: /bin/grep -E
configure:5416: checking for ld used by gcc
configure:5483: result: /usr/bin/ld
configure:5490: checking if the linker (/usr/bin/ld) is GNU ld
configure:5505: result: yes
configure:5510: checking for /usr/bin/ld option to reload object files
configure:5517: result: -r
configure:5535: checking for BSD-compatible nm
configure:5584: result: /usr/bin/nm -B
configure:5588: checking whether ln -s works
configure:5592: result: yes
configure:5599: checking how to recognize dependent libraries
configure:5785: result: pass_all
configure:6002: checking for ANSI C header files
configure:6022: g++ -c -g -O2  conftest.cpp >&5
configure:6022: $? = 0
configure:6095: g++ -o conftest -g -O2   conftest.cpp  >&5
configure:6095: $? = 0
configure:6095: ./conftest
configure:6095: $? = 0
configure:6106: result: yes
configure:6119: checking for sys/types.h
configure:6119: g++ -c -g -O2  conftest.cpp >&5
configure:6119: $? = 0
configure:6119: result: yes
configure:6119: checking for sys/stat.h
configure:6119: g++ -c -g -O2  conftest.cpp >&5
configure:6119: $? = 0
configure:6119: result: yes
configure:6119: checking for stdlib.h
configure:6119: g++ -c -g -O2  conftest.cpp >&5
configure:6119: $? = 0
configure:6119: result: yes
configure:6119: checking for string.h
configure:6119: g++ -c -g -O2  conftest.cpp >&5
configure:6119: $? = 0
configure:6119: result: yes
configure:6119: checking for memory.h
configure:6119: g++ -c -g -O2  conftest.cpp >&5
configure:6119: $? = 0
configure:6119: result: yes
configure:6119: checking for strings.h
configure:6119: g++ -c -g -O2  conftest.cpp >&5
configure:6119: $? = 0
configure:6119: result: yes
configure:6119: checking for inttypes.h
configure:6119: g++ -c -g -O2  conftest.cpp >&5
configure:6119: $? = 0
configure:6119: result: yes
configure:6119: checking for stdint.h
configure:6119: g++ -c -g -O2  conftest.cpp >&5
configure:6119: $? = 0
configure:6119: result: yes
configure:6119: checking for unistd.h
configure:6119: g++ -c -g -O2  conftest.cpp >&5
configure:6119: $? = 0
configure:6119: result: yes
configure:6134: checking dlfcn.h usability
configure:6134: g++ -c -g -O2  conftest.cpp >&5
configure:6134: $? = 0
configure:6134: result: yes
configure:6134: checking dlfcn.h presence
configure:6134: g++ -E  conftest.cpp
configure:6134: $? = 0
configure:6134: result: yes
configure:6134: checking for dlfcn.h
configure:6134: result: yes
configure:6154: checking how to run the C++ preprocessor
configure:6220: result: g++ -E
configure:6240: g++ -E  conftest.cpp
configure:6240: $? = 0
configure:6254: g++ -E  conftest.cpp
conftest.cpp:22:28: fatal error: ac_nonexistent.h: No such file or directory
 #include <ac_nonexistent.h>
                            ^
compilation terminated.
configure:6254: $? = 1
configure: failed program was:
| /* confdefs.h */
| #define PACKAGE_NAME "dime"
| #define PACKAGE_TARNAME "dime"
| #define PACKAGE_VERSION "0.9.1"
| #define PACKAGE_STRING "dime 0.9.1"
| #define PACKAGE_BUGREPORT "dime-support@coin3d.org"
| #define PACKAGE_URL ""
| #define PACKAGE "libdime"
| #define VERSION "0.9.1"
| #define STDC_HEADERS 1
| #define HAVE_SYS_TYPES_H 1
| #define HAVE_SYS_STAT_H 1
| #define HAVE_STDLIB_H 1
| #define HAVE_STRING_H 1
| #define HAVE_MEMORY_H 1
| #define HAVE_STRINGS_H 1
| #define HAVE_INTTYPES_H 1
| #define HAVE_STDINT_H 1
| #define HAVE_UNISTD_H 1
| #define HAVE_DLFCN_H 1
| /* end confdefs.h.  */
| #include <ac_nonexistent.h>
configure:6337: checking for g77
configure:6367: result: no
configure:6337: checking for xlf
configure:6367: result: no
configure:6337: checking for f77
configure:6367: result: no
configure:6337: checking for frt
configure:6367: result: no
configure:6337: checking for pgf77
configure:6367: result: no
configure:6337: checking for cf77
configure:6367: result: no
configure:6337: checking for fort77
configure:6367: result: no
configure:6337: checking for fl32
configure:6367: result: no
configure:6337: checking for af77
configure:6367: result: no
configure:6337: checking for xlf90
configure:6367: result: no
configure:6337: checking for f90
configure:6367: result: no
configure:6337: checking for pgf90
configure:6367: result: no
configure:6337: checking for pghpf
configure:6367: result: no
configure:6337: checking for epcf90
configure:6367: result: no
configure:6337: checking for gfortran
configure:6367: result: no
configure:6337: checking for g95
configure:6367: result: no
configure:6337: checking for xlf95
configure:6367: result: no
configure:6337: checking for f95
configure:6367: result: no
configure:6337: checking for fort
configure:6367: result: no
configure:6337: checking for ifort
configure:6367: result: no
configure:6337: checking for ifc
configure:6367: result: no
configure:6337: checking for efc
configure:6367: result: no
configure:6337: checking for pgf95
configure:6367: result: no
configure:6337: checking for lf95
configure:6367: result: no
configure:6337: checking for ftn
configure:6367: result: no
configure:6390: checking for Fortran 77 compiler version
configure:6399:  --version >&5
./configure: line 6401: --version: command not found
configure:6410: $? = 127
configure:6399:  -v >&5
./configure: line 6401: -v: command not found
configure:6410: $? = 127
configure:6399:  -V >&5
./configure: line 6401: -V: command not found
configure:6410: $? = 127
configure:6399:  -qversion >&5
./configure: line 6401: -qversion: command not found
configure:6410: $? = 127
configure:6419: checking whether we are using the GNU Fortran 77 compiler
configure:6432:  -c  conftest.F >&5
./configure: line 2176: -c: command not found
configure:6432: $? = 127
configure: failed program was:
|       program main
| #ifndef __GNUC__
|        choke me
| #endif
| 
|       end
configure:6441: result: no
configure:6447: checking whether  accepts -g
configure:6458:  -c -g conftest.f >&5
./configure: line 2176: -c: command not found
configure:6458: $? = 127
configure: failed program was:
|       program main
| 
|       end
configure:6466: result: no
configure:6499: checking the maximum length of command line arguments
configure:6611: result: 1572864
configure:6623: checking command to parse /usr/bin/nm -B output from gcc object
configure:6728: g++ -c -g -O2  conftest.cpp >&5
configure:6731: $? = 0
configure:6735: /usr/bin/nm -B conftest.o \| sed -n -e 's/^.*[ 	]\([ABCDGIRSTW][ABCDGIRSTW]*\)[ 	][ 	]*\([_A-Za-z][_A-Za-z0-9]*\)$/\1 \2 \2/p' \> conftest.nm
configure:6738: $? = 0
configure:6790: g++ -o conftest -g -O2   conftest.cpp conftstm.o >&5
configure:6793: $? = 0
configure:6831: result: ok
configure:6835: checking for objdir
configure:6850: result: .libs
configure:6942: checking for ar
configure:6958: found /usr/bin/ar
configure:6969: result: ar
configure:7034: checking for ranlib
configure:7050: found /usr/bin/ranlib
configure:7061: result: ranlib
configure:7126: checking for strip
configure:7142: found /usr/bin/strip
configure:7153: result: strip
configure:7714: checking if gcc supports -fno-rtti -fno-exceptions
configure:7732: gcc -c -g -O2  -fno-rtti -fno-exceptions conftest.c >&5
cc1: warning: command line option '-fno-rtti' is valid for C++/ObjC++ but not for C
configure:7736: $? = 0
configure:7749: result: no
configure:7764: checking for gcc option to produce PIC
configure:7996: result: -fPIC
configure:8004: checking if gcc PIC flag -fPIC works
configure:8022: gcc -c -g -O2  -fPIC -DPIC conftest.c >&5
configure:8026: $? = 0
configure:8039: result: yes
configure:8067: checking if gcc static flag -static works
configure:8095: result: yes
configure:8105: checking if gcc supports -c -o file.o
configure:8126: gcc -c -g -O2  -o out/conftest2.o conftest.c >&5
configure:8130: $? = 0
configure:8152: result: yes
configure:8178: checking whether the gcc linker (/usr/bin/ld) supports shared libraries
configure:9104: result: yes
configure:9125: checking whether -lc should be explicitly linked in
configure:9130: gcc -c -g -O2  conftest.c >&5
configure:9133: $? = 0
configure:9148: gcc -shared conftest.o  -v -Wl,-soname -Wl,conftest -o conftest 2\>\&1 \| grep  -lc  \>/dev/null 2\>\&1
configure:9151: $? = 0
configure:9163: result: no
configure:9171: checking dynamic linker characteristics
configure:9773: result: GNU/Linux ld.so
configure:9797: checking how to hardcode library paths into programs
configure:9822: result: immediate
configure:9836: checking whether stripping libraries is possible
configure:9841: result: yes
configure:10358: checking if libtool supports shared libraries
configure:10360: result: yes
configure:10363: checking whether to build shared libraries
configure:10384: result: yes
configure:10387: checking whether to build static libraries
configure:10391: result: yes
configure:10485: creating libtool
configure:11074: checking for ld used by g++
configure:11141: result: /usr/bin/ld
configure:11148: checking if the linker (/usr/bin/ld) is GNU ld
configure:11163: result: yes
configure:11214: checking whether the g++ linker (/usr/bin/ld) supports shared libraries
configure:12106: result: yes
configure:12123: g++ -c -g -O2  conftest.cpp >&5
configure:12126: $? = 0
configure:12282: checking for g++ option to produce PIC
configure:12566: result: -fPIC
configure:12574: checking if g++ PIC flag -fPIC works
configure:12592: g++ -c -g -O2  -fPIC -DPIC conftest.cpp >&5
configure:12596: $? = 0
configure:12609: result: yes
configure:12637: checking if g++ static flag -static works
configure:12665: result: yes
configure:12675: checking if g++ supports -c -o file.o
configure:12696: g++ -c -g -O2  -o out/conftest2.o conftest.cpp >&5
configure:12700: $? = 0
configure:12722: result: yes
configure:12748: checking whether the g++ linker (/usr/bin/ld) supports shared libraries
configure:12774: result: yes
configure:12841: checking dynamic linker characteristics
configure:13391: result: GNU/Linux ld.so
configure:13415: checking how to hardcode library paths into programs
configure:13440: result: immediate
configure:19671: checking for doxygen
configure:19689: found /usr/bin/doxygen
configure:19702: result: /usr/bin/doxygen
configure:19741: checking for perl
configure:19759: found /usr/bin/perl
configure:19772: result: /usr/bin/perl
configure:19831: checking if user is simian
configure:19853: result: probably not
configure:20181: checking for ieeefp.h
configure:20181: g++ -c -g -O2  -DDIME_INTERNAL -DDIME_DEBUG=1 conftest.cpp >&5
conftest.cpp:24:20: fatal error: ieeefp.h: No such file or directory
 #include <ieeefp.h>
                    ^
compilation terminated.
configure:20181: $? = 1
configure: failed program was:
| /* confdefs.h */
| #define PACKAGE_NAME "dime"
| #define PACKAGE_TARNAME "dime"
| #define PACKAGE_VERSION "0.9.1"
| #define PACKAGE_STRING "dime 0.9.1"
| #define PACKAGE_BUGREPORT "dime-support@coin3d.org"
| #define PACKAGE_URL ""
| #define PACKAGE "libdime"
| #define VERSION "0.9.1"
| #define STDC_HEADERS 1
| #define HAVE_SYS_TYPES_H 1
| #define HAVE_SYS_STAT_H 1
| #define HAVE_STDLIB_H 1
| #define HAVE_STRING_H 1
| #define HAVE_MEMORY_H 1
| #define HAVE_STRINGS_H 1
| #define HAVE_INTTYPES_H 1
| #define HAVE_STDINT_H 1
| #define HAVE_UNISTD_H 1
| #define HAVE_DLFCN_H 1
| /* end confdefs.h.  */
| 
| 
| #include <ieeefp.h>
configure:20181: result: no
configure:20198: checking for BSD 4.3 isinf() function
configure:20211: g++ -o conftest -g -O2  -DDIME_INTERNAL -DDIME_DEBUG=1  conftest.cpp  >&5
configure:20211: $? = 0
configure:20215: result: available
configure:20224: checking for BSD 4.3 isnan() function
configure:20237: g++ -o conftest -g -O2  -DDIME_INTERNAL -DDIME_DEBUG=1  conftest.cpp  >&5
configure:20237: $? = 0
configure:20241: result: available
configure:20277: checking for BSD 4.3 finite() function
configure:20290: g++ -o conftest -g -O2  -DDIME_INTERNAL -DDIME_DEBUG=1  conftest.cpp  >&5
configure:20290: $? = 0
configure:20294: result: available
configure:20330: checking for fpclass() function
configure:20345: g++ -o conftest -g -O2  -DDIME_INTERNAL -DDIME_DEBUG=1  conftest.cpp  >&5
conftest.cpp: In function 'int main()':
conftest.cpp:31:26: error: 'fpclass' was not declared in this scope
 int result = fpclass(42.0);
                          ^
configure:20345: $? = 1
configure: failed program was:
| /* confdefs.h */
| #define PACKAGE_NAME "dime"
| #define PACKAGE_TARNAME "dime"
| #define PACKAGE_VERSION "0.9.1"
| #define PACKAGE_STRING "dime 0.9.1"
| #define PACKAGE_BUGREPORT "dime-support@coin3d.org"
| #define PACKAGE_URL ""
| #define PACKAGE "libdime"
| #define VERSION "0.9.1"
| #define STDC_HEADERS 1
| #define HAVE_SYS_TYPES_H 1
| #define HAVE_SYS_STAT_H 1
| #define HAVE_STDLIB_H 1
| #define HAVE_STRING_H 1
| #define HAVE_MEMORY_H 1
| #define HAVE_STRINGS_H 1
| #define HAVE_INTTYPES_H 1
| #define HAVE_STDINT_H 1
| #define HAVE_UNISTD_H 1
| #define HAVE_DLFCN_H 1
| #define HAVE_ISINF 1
| #define HAVE_ISNAN 1
| #define HAVE_FINITE 1
| /* end confdefs.h.  */
| #ifdef HAVE_IEEEFP_H
| #include <ieeefp.h>
| #endif
| int
| main ()
| {
| int result = fpclass(42.0);
|   ;
|   return 0;
| }
configure:20352: result: not available
configure:20358: checking for _fpclass() function
configure:20371: g++ -o conftest -g -O2  -DDIME_INTERNAL -DDIME_DEBUG=1  conftest.cpp  >&5
conftest.cpp: In function 'int main()':
conftest.cpp:29:27: error: '_fpclass' was not declared in this scope
 int result = _fpclass(42.0);
                           ^
configure:20371: $? = 1
configure: failed program was:
| /* confdefs.h */
| #define PACKAGE_NAME "dime"
| #define PACKAGE_TARNAME "dime"
| #define PACKAGE_VERSION "0.9.1"
| #define PACKAGE_STRING "dime 0.9.1"
| #define PACKAGE_BUGREPORT "dime-support@coin3d.org"
| #define PACKAGE_URL ""
| #define PACKAGE "libdime"
| #define VERSION "0.9.1"
| #define STDC_HEADERS 1
| #define HAVE_SYS_TYPES_H 1
| #define HAVE_SYS_STAT_H 1
| #define HAVE_STDLIB_H 1
| #define HAVE_STRING_H 1
| #define HAVE_MEMORY_H 1
| #define HAVE_STRINGS_H 1
| #define HAVE_INTTYPES_H 1
| #define HAVE_STDINT_H 1
| #define HAVE_UNISTD_H 1
| #define HAVE_DLFCN_H 1
| #define HAVE_ISINF 1
| #define HAVE_ISNAN 1
| #define HAVE_FINITE 1
| /* end confdefs.h.  */
| #include <math.h>
| int
| main ()
| {
| int result = _fpclass(42.0);
|   ;
|   return 0;
| }
configure:20378: result: not available
configure:20954: creating ./config.status

## ---------------------- ##
## Running config.status. ##
## ---------------------- ##

This file was extended by dime config.status 0.9.1, which was
generated by GNU Autoconf 2.65.  Invocation command line was

  CONFIG_FILES    = 
  CONFIG_HEADERS  = 
  CONFIG_LINKS    = 
  CONFIG_COMMANDS = 
  $ ./config.status 

on OrangePI

config.status:933: creating dime.pc
config.status:933: creating Makefile
config.status:933: creating bin/Makefile
config.status:933: creating src/Makefile
config.status:933: creating src/classes/Makefile
config.status:933: creating src/entities/Makefile
config.status:933: creating src/objects/Makefile
config.status:933: creating src/records/Makefile
config.status:933: creating src/sections/Makefile
config.status:933: creating src/tables/Makefile
config.status:933: creating src/util/Makefile
config.status:933: creating src/convert/Makefile
config.status:933: creating dxf2vrml/Makefile
config.status:933: creating dxfsphere/Makefile
config.status:933: creating html/Makefile
config.status:933: creating include/config.h
config.status:1099: include/config.h is unchanged
config.status:1146: executing depfiles commands

## ---------------- ##
## Cache variables. ##
## ---------------- ##

ac_cv_build=armv7l-unknown-linux-gnueabi
ac_cv_c_compiler_gnu=yes
ac_cv_cxx_compiler_gnu=yes
ac_cv_env_CCC_set=
ac_cv_env_CCC_value=
ac_cv_env_CC_set=
ac_cv_env_CC_value=
ac_cv_env_CFLAGS_set=
ac_cv_env_CFLAGS_value=
ac_cv_env_CPPFLAGS_set=
ac_cv_env_CPPFLAGS_value=
ac_cv_env_CPP_set=
ac_cv_env_CPP_value=
ac_cv_env_CXXCPP_set=
ac_cv_env_CXXCPP_value=
ac_cv_env_CXXFLAGS_set=
ac_cv_env_CXXFLAGS_value=
ac_cv_env_CXX_set=
ac_cv_env_CXX_value=
ac_cv_env_F77_set=
ac_cv_env_F77_value=
ac_cv_env_FFLAGS_set=
ac_cv_env_FFLAGS_value=
ac_cv_env_LDFLAGS_set=
ac_cv_env_LDFLAGS_value=
ac_cv_env_LIBS_set=
ac_cv_env_LIBS_value=
ac_cv_env_build_alias_set=
ac_cv_env_build_alias_value=
ac_cv_env_host_alias_set=
ac_cv_env_host_alias_value=
ac_cv_env_target_alias_set=
ac_cv_env_target_alias_value=
ac_cv_f77_compiler_gnu=no
ac_cv_header_dlfcn_h=yes
ac_cv_header_ieeefp_h=no
ac_cv_header_inttypes_h=yes
ac_cv_header_memory_h=yes
ac_cv_header_stdc=yes
ac_cv_header_stdint_h=yes
ac_cv_header_stdlib_h=yes
ac_cv_header_string_h=yes
ac_cv_header_strings_h=yes
ac_cv_header_sys_stat_h=yes
ac_cv_header_sys_types_h=yes
ac_cv_header_unistd_h=yes
ac_cv_host=armv7l-unknown-linux-gnueabi
ac_cv_objext=o
ac_cv_path_EGREP='/bin/grep -E'
ac_cv_path_GREP=/bin/grep
ac_cv_path_install='/usr/bin/install -c'
ac_cv_path_sim_ac_doxygen_exe=/usr/bin/doxygen
ac_cv_path_sim_ac_perl_exe=/usr/bin/perl
ac_cv_prog_AWK=gawk
ac_cv_prog_CPP='gcc -E'
ac_cv_prog_CXXCPP='g++ -E'
ac_cv_prog_ac_ct_AR=ar
ac_cv_prog_ac_ct_CC=gcc
ac_cv_prog_ac_ct_CXX=g++
ac_cv_prog_ac_ct_RANLIB=ranlib
ac_cv_prog_ac_ct_STRIP=strip
ac_cv_prog_cc_c89=
ac_cv_prog_cc_g=yes
ac_cv_prog_cxx_g=yes
ac_cv_prog_f77_g=no
ac_cv_prog_make_make_set=yes
ac_cv_target=armv7l-unknown-linux-gnueabi
am_cv_CC_dependencies_compiler_type=gcc3
am_cv_CXX_dependencies_compiler_type=gcc3
lt_cv_deplibs_check_method=pass_all
lt_cv_file_magic_cmd='$MAGIC_CMD'
lt_cv_file_magic_test_file=
lt_cv_ld_reload_flag=-r
lt_cv_objdir=.libs
lt_cv_path_LD=/usr/bin/ld
lt_cv_path_LDCXX=/usr/bin/ld
lt_cv_path_NM='/usr/bin/nm -B'
lt_cv_path_SED=/bin/sed
lt_cv_prog_compiler_c_o=yes
lt_cv_prog_compiler_c_o_CXX=yes
lt_cv_prog_compiler_pic_works=yes
lt_cv_prog_compiler_pic_works_CXX=yes
lt_cv_prog_compiler_rtti_exceptions=no
lt_cv_prog_compiler_static_works=yes
lt_cv_prog_compiler_static_works_CXX=yes
lt_cv_prog_gnu_ld=yes
lt_cv_prog_gnu_ldcxx=yes
lt_cv_sys_global_symbol_pipe='sed -n -e '\''s/^.*[ 	]\([ABCDGIRSTW][ABCDGIRSTW]*\)[ 	][ 	]*\([_A-Za-z][_A-Za-z0-9]*\)$/\1 \2 \2/p'\'''
lt_cv_sys_global_symbol_to_c_name_address='sed -n -e '\''s/^: \([^ ]*\) $/  {\"\1\", (lt_ptr) 0},/p'\'' -e '\''s/^[BCDEGRST] \([^ ]*\) \([^ ]*\)$/  {"\2", (lt_ptr) \&\2},/p'\'''
lt_cv_sys_global_symbol_to_cdecl='sed -n -e '\''s/^. .* \(.*\)$/extern int \1;/p'\'''
lt_cv_sys_lib_dlsearch_path_spec='/lib /usr/lib /lib/arm-linux-gnueabihf /usr/lib/arm-linux-gnueabihf /usr/lib/arm-linux-gnueabihf/mesa /usr/lib/arm-linux-gnueabihf/libfakeroot /usr/local/lib /usr/local/lib '
lt_cv_sys_lib_search_path_spec='/usr/lib/gcc/arm-linux-gnueabihf/4.9 /usr/lib/arm-linux-gnueabihf /usr/lib /lib/arm-linux-gnueabihf /lib'
lt_cv_sys_max_cmd_len=1572864
lt_lt_cv_prog_compiler_c_o='"yes"'
lt_lt_cv_prog_compiler_c_o_CXX='"yes"'
lt_lt_cv_sys_global_symbol_pipe='"sed -n -e '\''s/^.*[ 	]\\([ABCDGIRSTW][ABCDGIRSTW]*\\)[ 	][ 	]*\\([_A-Za-z][_A-Za-z0-9]*\\)\$/\\1 \\2 \\2/p'\''"'
lt_lt_cv_sys_global_symbol_to_c_name_address='"sed -n -e '\''s/^: \\([^ ]*\\) \$/  {\\\"\\1\\\", (lt_ptr) 0},/p'\'' -e '\''s/^[BCDEGRST] \\([^ ]*\\) \\([^ ]*\\)\$/  {\"\\2\", (lt_ptr) \\&\\2},/p'\''"'
lt_lt_cv_sys_global_symbol_to_cdecl='"sed -n -e '\''s/^. .* \\(.*\\)\$/extern int \\1;/p'\''"'

## ----------------- ##
## Output variables. ##
## ----------------- ##

ACLOCAL='${SHELL} /home/orangepi/grbl/dimeDXF/cfg/missing --run aclocal-1.8'
AMDEPBACKSLASH='\'
AMDEP_FALSE='#'
AMDEP_TRUE=''
AMTAR='${SHELL} /home/orangepi/grbl/dimeDXF/cfg/missing --run tar'
AR='ar'
AUTOCONF='${SHELL} /home/orangepi/grbl/dimeDXF/cfg/missing --run autoconf'
AUTOHEADER='${SHELL} /home/orangepi/grbl/dimeDXF/cfg/missing --run autoheader'
AUTOMAKE='${SHELL} /home/orangepi/grbl/dimeDXF/cfg/missing --run automake-1.8'
AWK='gawk'
BUILD_HTMLPAGES_FALSE='#'
BUILD_HTMLPAGES_TRUE=''
BUILD_LIBRARY_FALSE='#'
BUILD_LIBRARY_TRUE=''
BUILD_WITH_MSVC='false'
BUILD_WITH_MSVC_FALSE=''
BUILD_WITH_MSVC_TRUE='#'
CC='gcc'
CCDEPMODE='depmode=gcc3'
CFLAGS='-g -O2'
CPP='gcc -E'
CPPFLAGS='-DDIME_INTERNAL -DDIME_DEBUG=1'
CXX='g++'
CXXCPP='g++ -E'
CXXDEPMODE='depmode=gcc3'
CXXFLAGS='-g -O2'
CYGPATH_W='echo'
DEFS='-DHAVE_CONFIG_H'
DEPDIR='.deps'
DIME_BETA_VERSION='1'
DIME_BINARY_AGE='0'
DIME_COMPILER='g++'
DIME_DOC_HTML='YES'
DIME_DSP_DEFS=''
DIME_DSP_INCS=''
DIME_DSP_LIBS=''
DIME_EXTRA_CFLAGS='-g -O2'
DIME_EXTRA_CPPFLAGS='-I${prefix}/include'
DIME_EXTRA_CXXFLAGS='-g -O2'
DIME_EXTRA_LDFLAGS='-L${exec_prefix}/lib'
DIME_EXTRA_LIBS='-ldime'
DIME_INTERFACE_AGE='0'
DIME_LIB_DSP_DEFS=''
DIME_MAJOR_VERSION='0'
DIME_MICRO_VERSION='1'
DIME_MINOR_VERSION='9'
DIME_MSVC_LIBC=''
DIME_VERSION='0.9.1'
DSUFFIX='d'
DSYMUTIL=''
ECHO='echo'
ECHO_C=''
ECHO_N='-n'
ECHO_T=''
EGREP='/bin/grep -E'
EXEEXT=''
F77=''
FFLAGS=''
GREP='/bin/grep'
INSTALL_DATA='${INSTALL} -m 644'
INSTALL_PROGRAM='${INSTALL}'
INSTALL_SCRIPT='${INSTALL}'
INSTALL_STRIP_PROGRAM='${SHELL} $(install_sh) -c -s'
LDFLAGS=''
LIBFLAGS=''
LIBOBJS=''
LIBS=''
LIBTOOL='$(SHELL) $(top_builddir)/libtool'
LN_S='ln -s'
LTLIBOBJS=''
LT_AGE='0'
LT_CURRENT='1'
LT_RELEASE='0.9'
LT_REVISION='0'
MAINT='#'
MAINTAINER_MODE_FALSE=''
MAINTAINER_MODE_TRUE='#'
MAKEINFO='${SHELL} /home/orangepi/grbl/dimeDXF/cfg/missing --run makeinfo'
NMEDIT=''
OBJEXT='o'
PACKAGE='libdime'
PACKAGE_BUGREPORT='dime-support@coin3d.org'
PACKAGE_NAME='dime'
PACKAGE_STRING='dime 0.9.1'
PACKAGE_TARNAME='dime'
PACKAGE_URL=''
PACKAGE_VERSION='0.9.1'
PATH_SEPARATOR=':'
RANLIB='ranlib'
SED='/bin/sed'
SET_MAKE=''
SHELL='/bin/bash'
STRIP='strip'
SUFFIX=''
VERSION='0.9.1'
ac_ct_CC='gcc'
ac_ct_CXX='g++'
ac_ct_F77=''
am__fastdepCC_FALSE='#'
am__fastdepCC_TRUE=''
am__fastdepCXX_FALSE='#'
am__fastdepCXX_TRUE=''
am__include='include'
am__leading_dot='.'
am__quote=''
bindir='${exec_prefix}/bin'
build='armv7l-unknown-linux-gnueabi'
build_alias=''
build_cpu='armv7l'
build_os='linux-gnueabi'
build_vendor='unknown'
datadir='${datarootdir}'
datarootdir='${prefix}/share'
dime_build_dir='/home/orangepi/grbl/dimeDXF'
dime_html_dir='/home/orangepi/grbl/dimeDXF/html'
dime_src_dir='/home/orangepi/grbl/dimeDXF'
docdir='${datarootdir}/doc/${PACKAGE_TARNAME}'
dvidir='${docdir}'
exec_prefix='${prefix}'
host='armv7l-unknown-linux-gnueabi'
host_alias=''
host_cpu='armv7l'
host_os='linux-gnueabi'
host_vendor='unknown'
htmldir='${prefix}/share/doc/dime/html'
includedir='${prefix}/include'
infodir='${datarootdir}/info'
install_sh='/home/orangepi/grbl/dimeDXF/cfg/install-sh'
libdir='${exec_prefix}/lib'
libexecdir='${exec_prefix}/libexec'
localedir='${datarootdir}/locale'
localstatedir='${prefix}/var'
mandir='${datarootdir}/man'
mkdir_p='mkdir -p -- .'
oldincludedir='/usr/include'
path_tag=''
pdfdir='${docdir}'
prefix='/home/orangepi/grbl/dimeDXF/bld'
program_transform_name='s,x,x,'
psdir='${docdir}'
sbindir='${exec_prefix}/sbin'
sharedstatedir='${prefix}/com'
sim_ac_doxygen_exe='/usr/bin/doxygen'
sim_ac_perl_exe='/usr/bin/perl'
sysconfdir='${prefix}/etc'
target='armv7l-unknown-linux-gnueabi'
target_alias=''
target_cpu='armv7l'
target_os='linux-gnueabi'
target_vendor='unknown'

## ----------- ##
## confdefs.h. ##
## ----------- ##

/* confdefs.h */
#define PACKAGE_NAME "dime"
#define PACKAGE_TARNAME "dime"
#define PACKAGE_VERSION "0.9.1"
#define PACKAGE_STRING "dime 0.9.1"
#define PACKAGE_BUGREPORT "dime-support@coin3d.org"
#define PACKAGE_URL ""
#define PACKAGE "libdime"
#define VERSION "0.9.1"
#define STDC_HEADERS 1
#define HAVE_SYS_TYPES_H 1
#define HAVE_SYS_STAT_H 1
#define HAVE_STDLIB_H 1
#define HAVE_STRING_H 1
#define HAVE_MEMORY_H 1
#define HAVE_STRINGS_H 1
#define HAVE_INTTYPES_H 1
#define HAVE_STDINT_H 1
#define HAVE_UNISTD_H 1
#define HAVE_DLFCN_H 1
#define HAVE_ISINF 1
#define HAVE_ISNAN 1
#define HAVE_FINITE 1

configure: exit 0

## ---------------------- ##
## Running config.status. ##
## ---------------------- ##

This file was extended by dime config.status 0.9.1, which was
generated by GNU Autoconf 2.65.  Invocation command line was

  CONFIG_FILES    = 
  CONFIG_HEADERS  = 
  CONFIG_LINKS    = 
  CONFIG_COMMANDS = 
  $ ./config.status --file=docs/dime.doxygen:docs/dime.doxygen.in

on OrangePI

config.status:933: creating docs/dime.doxygen
